W, [2023-07-03T02:38:17.468564 #20200]  WARN -- : You are running SQLite in production, this is generally not recommended. You can disable this warning by setting "config.active_record.sqlite3_production_warning=false".
W, [2023-07-03T02:39:30.506145 #25536]  WARN -- : You are running SQLite in production, this is generally not recommended. You can disable this warning by setting "config.active_record.sqlite3_production_warning=false".
I, [2023-07-03T02:39:43.652996 #20200]  INFO -- : [e4af5d35-a8b2-4605-8612-e2632e95baf6] Started GET "/" for 127.0.0.1 at 2023-07-03 02:39:43 +0900
I, [2023-07-03T02:39:43.664355 #20200]  INFO -- : [e4af5d35-a8b2-4605-8612-e2632e95baf6] Processing by StaticPagesController#home as HTML
I, [2023-07-03T02:39:43.705134 #20200]  INFO -- : [e4af5d35-a8b2-4605-8612-e2632e95baf6]   Rendered static_pages/home.html.erb within layouts/application (Duration: 3.9ms | Allocations: 634)
I, [2023-07-03T02:39:43.707071 #20200]  INFO -- : [e4af5d35-a8b2-4605-8612-e2632e95baf6]   Rendered layout layouts/application.html.erb (Duration: 6.0ms | Allocations: 701)
I, [2023-07-03T02:39:43.707807 #20200]  INFO -- : [e4af5d35-a8b2-4605-8612-e2632e95baf6] Completed 500 Internal Server Error in 38ms (Allocations: 1959)
F, [2023-07-03T02:39:43.714628 #20200] FATAL -- : [e4af5d35-a8b2-4605-8612-e2632e95baf6]   
[e4af5d35-a8b2-4605-8612-e2632e95baf6] ActionView::Template::Error (The asset "rails.svg" is not present in the asset pipeline.
):
[e4af5d35-a8b2-4605-8612-e2632e95baf6]     10:   <%= link_to "Sign up now!", signup_path, class: "btn btn-lg btn-primary" %>
[e4af5d35-a8b2-4605-8612-e2632e95baf6]     11: </div>
[e4af5d35-a8b2-4605-8612-e2632e95baf6]     12: 
[e4af5d35-a8b2-4605-8612-e2632e95baf6]     13: <%= link_to image_tag("rails.svg", alt: "Rails logo", width: "200"),
[e4af5d35-a8b2-4605-8612-e2632e95baf6]     14:                       "https://rubyonrails.org/" %>
[e4af5d35-a8b2-4605-8612-e2632e95baf6]   
[e4af5d35-a8b2-4605-8612-e2632e95baf6] app/views/static_pages/home.html.erb:13
I, [2023-07-03T02:39:58.863000 #20200]  INFO -- : [5463357f-9174-43dc-a795-4740233b1062] Started GET "/about" for 127.0.0.1 at 2023-07-03 02:39:58 +0900
I, [2023-07-03T02:39:58.865111 #20200]  INFO -- : [5463357f-9174-43dc-a795-4740233b1062] Processing by StaticPagesController#about as HTML
I, [2023-07-03T02:39:58.870254 #20200]  INFO -- : [5463357f-9174-43dc-a795-4740233b1062]   Rendered static_pages/about.html.erb within layouts/application (Duration: 1.3ms | Allocations: 114)
I, [2023-07-03T02:39:58.882415 #20200]  INFO -- : [5463357f-9174-43dc-a795-4740233b1062]   Rendered layout layouts/application.html.erb (Duration: 13.5ms | Allocations: 1802)
I, [2023-07-03T02:39:58.882795 #20200]  INFO -- : [5463357f-9174-43dc-a795-4740233b1062] Completed 500 Internal Server Error in 17ms (Allocations: 2074)
F, [2023-07-03T02:39:58.884608 #20200] FATAL -- : [5463357f-9174-43dc-a795-4740233b1062]   
[5463357f-9174-43dc-a795-4740233b1062] ActionView::Template::Error (The asset "application.css" is not present in the asset pipeline.
):
[5463357f-9174-43dc-a795-4740233b1062]      6:     <%= csrf_meta_tags %>
[5463357f-9174-43dc-a795-4740233b1062]      7:     <%= csp_meta_tag %>
[5463357f-9174-43dc-a795-4740233b1062]      8: 
[5463357f-9174-43dc-a795-4740233b1062]      9:     <%= stylesheet_link_tag "application", "data-turbo-track": "reload" %>
[5463357f-9174-43dc-a795-4740233b1062]     10:   </head>
[5463357f-9174-43dc-a795-4740233b1062]     11: 
[5463357f-9174-43dc-a795-4740233b1062]     12:   <body>
[5463357f-9174-43dc-a795-4740233b1062]   
[5463357f-9174-43dc-a795-4740233b1062] app/views/layouts/application.html.erb:9
